<test-run id="2" testcasecount="0" result="Passed" start-time="2025-03-23 12:48:31.974838" end-time="2025-03-23 12:48:31.991472" duration="0" total="0" passed="0" failed="0" inconclusive="0" skipped="0" asserts="0" clr-version="3.11.11 (main, Dec  3 2024, 17:20:40) [Clang 16.0.0 (clang-1600.0.26.4)]" engine-version="3.6.2"><command-line>/opt/homebrew/bin/pytest --cov=AdxIngestFunction --cov-report=html tests/</command-line><filter><test re="0">tests/</test></filter></test-run>